<?xml version="1.0" encoding="UTF-8"?>
<!-- Generated by org.testng.reporters.JUnitReportReporter -->
<testsuite hostname="DESKTOP-B8P668K" failures="0" tests="1" name="apack.classFive" time="0.035" errors="0" timestamp="2024-02-17T10:17:44 IST" skipped="0">
  <testcase classname="apack.classFive" name="classfive" time="0.035"/>
</testsuite> <!-- apack.classFive -->
