<?xml version="1.0" encoding="UTF-8"?>
<!-- Generated by org.testng.reporters.JUnitReportReporter -->
<testsuite hostname="DESKTOP-B8P668K" failures="0" tests="3" name="apack.DataDrivenDemo" time="0.102" errors="0" timestamp="2024-02-17T11:11:10 IST" skipped="0">
  <testcase classname="apack.DataDrivenDemo" name="flipkart" time="0.003"/>
  <testcase classname="apack.DataDrivenDemo" name="flipkart" time="0.075"/>
  <testcase classname="apack.DataDrivenDemo" name="flipkart" time="0.024"/>
</testsuite> <!-- apack.DataDrivenDemo -->
