<?xml version="1.0" encoding="UTF-8"?>
<!-- Generated by org.testng.reporters.JUnitReportReporter -->
<testsuite hostname="DESKTOP-B8P668K" failures="0" tests="2" name="apack.classFour" time="35.978" errors="0" timestamp="2024-02-17T10:17:44 IST" skipped="0">
  <testcase classname="apack.classFour" name="classfour" time="21.301"/>
  <testcase classname="apack.classFour" name="classfourOne" time="14.677"/>
</testsuite> <!-- apack.classFour -->
