<?xml version="1.0" encoding="UTF-8"?>
<!-- Generated by org.testng.reporters.JUnitReportReporter -->
<testsuite hostname="DESKTOP-B8P668K" failures="0" tests="1" name="tpack.ThreeTest" time="0.036" errors="0" timestamp="2024-02-17T22:32:12 IST" skipped="0">
  <testcase classname="tpack.ThreeTest" name="mThree" time="0.036"/>
</testsuite> <!-- tpack.ThreeTest -->
