<?xml version="1.0" encoding="UTF-8"?>
<!-- Generated by org.testng.reporters.JUnitReportReporter -->
<testsuite hostname="DESKTOP-B8P668K" failures="0" tests="1" name="tpack.TwoTest" time="0.012" errors="0" timestamp="2024-02-17T22:32:12 IST" skipped="0">
  <testcase classname="tpack.TwoTest" name="mTwo" time="0.012"/>
</testsuite> <!-- tpack.TwoTest -->
