<?xml version="1.0" encoding="UTF-8"?>
<!-- Generated by org.testng.reporters.JUnitReportReporter -->
<testsuite hostname="DESKTOP-B8P668K" failures="0" tests="1" name="tpack.FourtTest" time="0.033" errors="0" timestamp="2024-02-17T22:32:12 IST" skipped="0">
  <testcase classname="tpack.FourtTest" name="mFour" time="0.033"/>
</testsuite> <!-- tpack.FourtTest -->
