<?xml version="1.0" encoding="UTF-8"?>
<!-- Generated by org.testng.reporters.JUnitReportReporter -->
<testsuite hostname="DESKTOP-B8P668K" failures="0" tests="1" name="tpack.OneTest" time="88.003" errors="0" timestamp="2024-02-17T22:32:13 IST" skipped="0">
  <testcase classname="tpack.OneTest" name="testOne" time="88.003"/>
</testsuite> <!-- tpack.OneTest -->
