<?xml version="1.0" encoding="UTF-8"?>
<!-- Generated by org.testng.reporters.JUnitReportReporter -->
<testsuite hostname="DESKTOP-B8P668K" failures="0" tests="1" name="vpack.classThree" time="0.060" errors="0" timestamp="2024-02-16T16:26:08 IST" skipped="0">
  <testcase classname="vpack.classThree" name="classthree" time="0.060"/>
</testsuite> <!-- vpack.classThree -->
