<?xml version="1.0" encoding="UTF-8"?>
<!-- Generated by org.testng.reporters.JUnitReportReporter -->
<testsuite hostname="DESKTOP-B8P668K" failures="0" tests="4" name="wpack.classSeven" time="4.282" errors="0" timestamp="2024-02-16T17:16:27 IST" skipped="0">
  <testcase classname="wpack.classSeven" name="amazon" time="0.008"/>
  <testcase classname="wpack.classSeven" name="flipkart" time="0.163"/>
  <testcase classname="wpack.classSeven" name="walmart" time="4.103"/>
  <testcase classname="wpack.classSeven" name="macys" time="0.008"/>
</testsuite> <!-- wpack.classSeven -->
