<?xml version="1.0" encoding="UTF-8"?>
<!-- Generated by org.testng.reporters.JUnitReportReporter -->
<testsuite hostname="DESKTOP-B8P668K" failures="0" tests="1" name="wpack.classSix" time="0.004" errors="0" timestamp="2024-02-16T15:55:40 IST" skipped="0">
  <testcase classname="wpack.classSix" name="classsix" time="0.004"/>
</testsuite> <!-- wpack.classSix -->
