<?xml version="1.0" encoding="UTF-8"?>
<!-- Generated by org.testng.reporters.JUnitReportReporter -->
<testsuite hostname="DESKTOP-B8P668K" failures="0" tests="1" name="wpack.classFive" time="0.005" errors="0" timestamp="2024-02-16T15:55:40 IST" skipped="0">
  <testcase classname="wpack.classFive" name="classfive" time="0.005"/>
</testsuite> <!-- wpack.classFive -->
