<?xml version="1.0" encoding="UTF-8"?>
<!-- Generated by org.testng.reporters.JUnitReportReporter -->
<testsuite hostname="DESKTOP-B8P668K" failures="0" tests="1" name="wpack.classFour" time="0.013" errors="0" timestamp="2024-02-16T16:26:08 IST" skipped="0">
  <testcase classname="wpack.classFour" name="classfourOne" time="0.013"/>
</testsuite> <!-- wpack.classFour -->
