<?xml version="1.0" encoding="UTF-8"?>
<!-- Generated by org.testng.reporters.JUnitReportReporter -->
<testsuite hostname="DESKTOP-B8P668K" failures="0" tests="1" name="vpack.classTwo" time="0.016" errors="0" timestamp="2024-02-16T16:11:32 IST" skipped="0">
  <testcase classname="vpack.classTwo" name="classTwo" time="0.016"/>
</testsuite> <!-- vpack.classTwo -->
