<?xml version="1.0" encoding="UTF-8"?>
<!-- Generated by org.testng.reporters.JUnitReportReporter -->
<testsuite hostname="DESKTOP-B8P668K" failures="0" tests="3" name="tpack.AnnotationsDemo" time="0.093" errors="0" timestamp="2024-02-16T15:55:40 IST" skipped="0">
  <testcase classname="tpack.AnnotationsDemo" name="testRegistration" time="0.044"/>
  <testcase classname="tpack.AnnotationsDemo" name="testLogin" time="0.027"/>
  <testcase classname="tpack.AnnotationsDemo" name="testHomePage" time="0.022"/>
</testsuite> <!-- tpack.AnnotationsDemo -->
